
-----正在寻找星系T20-------------
---------安全--------------
----等待1秒后查找下一星系--------

-----正在寻找星系T21-------------
---------安全--------------
----等待1秒后查找下一星系--------

-----正在寻找星系T22-------------
---------安全--------------
----等待1秒后查找下一星系--------

-----正在寻找星系T23-------------
---------安全--------------
----等待2秒后查找下一星系--------

-----正在寻找星系T24-------------
----等待2秒后查找下一星系--------

-----正在寻找星系T25-------------
---------安全--------------
----等待1秒后查找下一星系--------

-----正在寻找星系T26-------------
---------安全--------------
----等待1秒后查找下一星系--------

-----正在寻找星系T27-------------
---------安全--------------
----等待2秒后查找下一星系--------

-----正在寻找星系T28-------------
---------安全--------------
----等待1秒后查找下一星系--------

-----正在寻找星系T29-------------
扫描完成
------------关闭连接:完成--------
下次搜索将在5分钟后进行,尝试次数设为5
清理上次记录文件
开始扫描,请等待
----------连接服务器,请稍后---------
-----正在寻找星系T20-------------
---------安全--------------
----等待2秒后查找下一星系--------

-----正在寻找星系T21-------------
---------安全--------------
----等待2秒后查找下一星系--------

-----正在寻找星系T22-------------
---------安全--------------
----等待1秒后查找下一星系--------

-----正在寻找星系T23-------------
---------安全--------------
----等待1秒后查找下一星系--------

-----正在寻找星系T24-------------
----等待1秒后查找下一星系--------

-----正在寻找星系T25-------------
---------安全--------------
----等待1秒后查找下一星系--------

-----正在寻找星系T26-------------
---------安全--------------
----等待1秒后查找下一星系--------

-----正在寻找星系T27-------------
---------安全--------------
----等待2秒后查找下一星系--------

-----正在寻找星系T28-------------
---------安全--------------
----等待1秒后查找下一星系--------

-----正在寻找星系T29-------------
---------安全--------------
扫描完成
------------关闭连接:完成--------
下次搜索将在5分钟后进行,尝试次数设为5
清理上次记录文件
开始扫描,请等待
----------连接服务器,请稍后---------
-----正在寻找星系T20-------------
---------安全--------------
----等待2秒后查找下一星系--------

-----正在寻找星系T21-------------
---------安全--------------
----等待1秒后查找下一星系--------

-----正在寻找星系T22-------------
---------安全--------------
----等待2秒后查找下一星系--------

-----正在寻找星系T23-------------
---------安全--------------
----等待2秒后查找下一星系--------

-----正在寻找星系T24-------------
----等待1秒后查找下一星系--------

-----正在寻找星系T25-------------
---------安全--------------
----等待2秒后查找下一星系--------

-----正在寻找星系T26-------------
---------安全--------------
----等待1秒后查找下一星系--------

-----正在寻找星系T27-------------
---------安全--------------
----等待1秒后查找下一星系--------

-----正在寻找星系T28-------------
---------安全--------------
----等待1秒后查找下一星系--------

-----正在寻找星系T29-------------
---------安全--------------
扫描完成
------------关闭连接:完成--------
下次搜索将在5分钟后进行,尝试次数设为5
清理上次记录文件
开始扫描,请等待
----------连接服务器,请稍后---------
-----正在寻找星系T20-------------
---------安全--------------
----等待1秒后查找下一星系--------

-----正在寻找星系T21-------------
---------安全--------------
----等待2秒后查找下一星系--------

-----正在寻找星系T22-------------
---------安全--------------
----等待2秒后查找下一星系--------

-----正在寻找星系T23-------------
---------安全--------------
----等待1秒后查找下一星系--------

-----正在寻找星系T24-------------
----等待1秒后查找下一星系--------

-----正在寻找星系T25-------------
---------安全--------------
----等待2秒后查找下一星系--------

-----正在寻找星系T26-------------
---------安全--------------
----等待2秒后查找下一星系--------

-----正在寻找星系T27-------------
---------安全--------------
----等待2秒后查找下一星系--------

-----正在寻找星系T28-------------
---------安全--------------
----等待2秒后查找下一星系--------

-----正在寻找星系T29-------------
---------安全--------------
扫描完成
------------关闭连接:完成--------
下次搜索将在5分钟后进行,尝试次数设为5
清理上次记录文件
开始扫描,请等待
----------连接服务器,请稍后---------
-----正在寻找星系T20-------------
---------安全--------------
----等待1秒后查找下一星系--------

-----正在寻找星系T21-------------
---------安全--------------
----等待1秒后查找下一星系--------

-----正在寻找星系T22-------------
---------安全--------------
----等待2秒后查找下一星系--------

-----正在寻找星系T23-------------
---------安全--------------
----等待1秒后查找下一星系--------

-----正在寻找星系T24-------------
----等待2秒后查找下一星系--------

-----正在寻找星系T25-------------
---------安全--------------
----等待1秒后查找下一星系--------

-----正在寻找星系T26-------------
---------安全--------------
----等待1秒后查找下一星系--------

-----正在寻找星系T27-------------
---------安全--------------
----等待1秒后查找下一星系--------

-----正在寻找星系T28-------------
---------安全--------------
----等待2秒后查找下一星系--------

-----正在寻找星系T29-------------
---------安全--------------
扫描完成
------------关闭连接:完成--------
下次搜索将在5分钟后进行,尝试次数设为5
清理上次记录文件
开始扫描,请等待
----------连接服务器,请稍后---------
-----正在寻找星系T20-------------
---------安全--------------
----等待2秒后查找下一星系--------

-----正在寻找星系T21-------------
---------安全--------------
----等待1秒后查找下一星系--------

-----正在寻找星系T22-------------
---------安全--------------
----等待1秒后查找下一星系--------

-----正在寻找星系T23-------------
---------安全--------------
----等待2秒后查找下一星系--------

-----正在寻找星系T24-------------
---------安全--------------
----等待1秒后查找下一星系--------

-----正在寻找星系T25-------------
---------安全--------------
----等待2秒后查找下一星系--------

-----正在寻找星系T26-------------
---------安全--------------
----等待1秒后查找下一星系--------

-----正在寻找星系T27-------------
---------安全--------------
----等待1秒后查找下一星系--------

-----正在寻找星系T28-------------
---------安全--------------
----等待1秒后查找下一星系--------

-----正在寻找星系T29-------------
---------安全--------------
扫描完成
------------关闭连接:完成--------
下次搜索将在5分钟后进行,尝试次数设为5
清理上次记录文件
开始扫描,请等待
----------连接服务器,请稍后---------
-----正在寻找星系T20-------------
---------安全--------------
----等待1秒后查找下一星系--------

-----正在寻找星系T21-------------
---------安全--------------
----等待1秒后查找下一星系--------

-----正在寻找星系T22-------------
---------安全--------------
----等待2秒后查找下一星系--------

-----正在寻找星系T23-------------
---------安全--------------
----等待1秒后查找下一星系--------

-----正在寻找星系T24-------------
---------安全--------------
----等待1秒后查找下一星系--------

-----正在寻找星系T25-------------
---------安全--------------
----等待2秒后查找下一星系--------

-----正在寻找星系T26-------------
---------安全--------------
----等待2秒后查找下一星系--------

-----正在寻找星系T27-------------
---------安全--------------
----等待1秒后查找下一星系--------

-----正在寻找星系T28-------------
---------安全--------------
----等待1秒后查找下一星系--------

-----正在寻找星系T29-------------
---------安全--------------
扫描完成
------------关闭连接:完成--------
下次搜索将在5分钟后进行,尝试次数设为5
清理上次记录文件
开始扫描,请等待
----------连接服务器,请稍后---------
-----正在寻找星系T20-------------
----等待2秒后查找下一星系--------

-----正在寻找星系T21-------------
---------安全--------------
----等待1秒后查找下一星系--------

-----正在寻找星系T22-------------
---------安全--------------
----等待2秒后查找下一星系--------

-----正在寻找星系T23-------------
---------安全--------------
----等待2秒后查找下一星系--------

-----正在寻找星系T24-------------
---------安全--------------
----等待2秒后查找下一星系--------

-----正在寻找星系T25-------------
---------安全--------------
----等待1秒后查找下一星系--------

-----正在寻找星系T26-------------
---------安全--------------
----等待1秒后查找下一星系--------

-----正在寻找星系T27-------------
---------安全--------------
----等待1秒后查找下一星系--------

-----正在寻找星系T28-------------
---------安全--------------
----等待2秒后查找下一星系--------

-----正在寻找星系T29-------------
---------安全--------------
扫描完成
------------关闭连接:完成--------
下次搜索将在5分钟后进行,尝试次数设为5
清理上次记录文件
开始扫描,请等待
----------连接服务器,请稍后---------
-----正在寻找星系T20-------------
----等待1秒后查找下一星系--------

-----正在寻找星系T21-------------
---------安全--------------
----等待2秒后查找下一星系--------

-----正在寻找星系T22-------------
---------安全--------------
----等待1秒后查找下一星系--------

-----正在寻找星系T23-------------
---------安全--------------
----等待1秒后查找下一星系--------

-----正在寻找星系T24-------------
---------安全--------------
----等待2秒后查找下一星系--------

-----正在寻找星系T25-------------
---------安全--------------
----等待1秒后查找下一星系--------

-----正在寻找星系T26-------------
---------安全--------------
----等待2秒后查找下一星系--------

-----正在寻找星系T27-------------
---------安全--------------
----等待2秒后查找下一星系--------

-----正在寻找星系T28-------------
---------安全--------------
----等待2秒后查找下一星系--------

-----正在寻找星系T29-------------
---------安全--------------
扫描完成
------------关闭连接:完成--------
下次搜索将在5分钟后进行,尝试次数设为5
清理上次记录文件
开始扫描,请等待
----------连接服务器,请稍后---------
-----正在寻找星系T20-------------
----等待1秒后查找下一星系--------

-----正在寻找星系T21-------------
---------安全--------------
----等待1秒后查找下一星系--------

-----正在寻找星系T22-------------
---------安全--------------
----等待1秒后查找下一星系--------

-----正在寻找星系T23-------------
---------安全--------------
----等待2秒后查找下一星系--------

-----正在寻找星系T24-------------
---------安全--------------
----等待1秒后查找下一星系--------

-----正在寻找星系T25-------------
---------安全--------------
----等待2秒后查找下一星系--------

-----正在寻找星系T26-------------
---------安全--------------
----等待1秒后查找下一星系--------

-----正在寻找星系T27-------------
---------安全--------------
----等待1秒后查找下一星系--------

-----正在寻找星系T28-------------
---------安全--------------
----等待1秒后查找下一星系--------

-----正在寻找星系T29-------------
---------安全--------------
扫描完成
------------关闭连接:完成--------
下次搜索将在5分钟后进行,尝试次数设为5
清理上次记录文件
开始扫描,请等待
----------连接服务器,请稍后---------
-----正在寻找星系T20-------------
----等待1秒后查找下一星系--------

-----正在寻找星系T21-------------
---------安全--------------
----等待2秒后查找下一星系--------

-----正在寻找星系T22-------------
---------安全--------------
----等待1秒后查找下一星系--------

-----正在寻找星系T23-------------
---------安全--------------
----等待1秒后查找下一星系--------

-----正在寻找星系T24-------------
----等待2秒后查找下一星系--------

-----正在寻找星系T25-------------
---------安全--------------
----等待2秒后查找下一星系--------

-----正在寻找星系T26-------------
---------安全--------------
----等待1秒后查找下一星系--------

-----正在寻找星系T27-------------
---------安全--------------
----等待2秒后查找下一星系--------

-----正在寻找星系T28-------------
---------安全--------------
----等待1秒后查找下一星系--------

-----正在寻找星系T29-------------
---------安全--------------
扫描完成
------------关闭连接:完成--------
下次搜索将在5分钟后进行,尝试次数设为5
清理上次记录文件
开始扫描,请等待
----------连接服务器,请稍后---------
-----正在寻找星系T20-------------
----等待1秒后查找下一星系--------

-----正在寻找星系T21-------------
---------安全--------------
----等待2秒后查找下一星系--------

-----正在寻找星系T22-------------
---------安全--------------
----等待1秒后查找下一星系--------

-----正在寻找星系T23-------------
---------安全--------------
----等待1秒后查找下一星系--------

-----正在寻找星系T24-------------
---------安全--------------
----等待1秒后查找下一星系--------

-----正在寻找星系T25-------------
---------安全--------------
----等待2秒后查找下一星系--------

-----正在寻找星系T26-------------
---------安全--------------
----等待2秒后查找下一星系--------

-----正在寻找星系T27-------------
---------安全--------------
----等待1秒后查找下一星系--------

-----正在寻找星系T28-------------
---------安全--------------
----等待2秒后查找下一星系--------

-----正在寻找星系T29-------------
---------安全--------------
扫描完成
------------关闭连接:完成--------
下次搜索将在5分钟后进行,尝试次数设为5
清理上次记录文件
开始扫描,请等待
----------连接服务器,请稍后---------
-----正在寻找星系T20-------------
----等待2秒后查找下一星系--------

-----正在寻找星系T21-------------
---------安全--------------
----等待2秒后查找下一星系--------

-----正在寻找星系T22-------------
---------安全--------------
----等待2秒后查找下一星系--------

-----正在寻找星系T23-------------
---------安全--------------
----等待1秒后查找下一星系--------

-----正在寻找星系T24-------------
---------安全--------------
----等待2秒后查找下一星系--------

-----正在寻找星系T25-------------
---------安全--------------
----等待1秒后查找下一星系--------

-----正在寻找星系T26-------------
---------安全--------------
----等待1秒后查找下一星系--------

-----正在寻找星系T27-------------
---------安全--------------
----等待2秒后查找下一星系--------

-----正在寻找星系T28-------------
---------安全--------------
----等待1秒后查找下一星系--------

-----正在寻找星系T29-------------
---------安全--------------
扫描完成
------------关闭连接:完成--------
下次搜索将在5分钟后进行,尝试次数设为5
清理上次记录文件
开始扫描,请等待
----------连接服务器,请稍后---------
-----正在寻找星系T20-------------
----等待1秒后查找下一星系--------

-----正在寻找星系T21-------------
---------安全--------------
----等待1秒后查找下一星系--------

-----正在寻找星系T22-------------
---------安全--------------
----等待1秒后查找下一星系--------

-----正在寻找星系T23-------------
---------安全--------------
----等待1秒后查找下一星系--------

-----正在寻找星系T24-------------
---------安全--------------
----等待2秒后查找下一星系--------

-----正在寻找星系T25-------------
---------安全--------------
----等待1秒后查找下一星系--------

-----正在寻找星系T26-------------
---------安全--------------
----等待1秒后查找下一星系--------

-----正在寻找星系T27-------------
---------安全--------------
----等待1秒后查找下一星系--------

-----正在寻找星系T28-------------
---------安全--------------
----等待2秒后查找下一星系--------

-----正在寻找星系T29-------------
---------安全--------------
扫描完成
------------关闭连接:完成--------
下次搜索将在5分钟后进行,尝试次数设为5
清理上次记录文件
开始扫描,请等待
----------连接服务器,请稍后---------
-----正在寻找星系T20-------------
----等待1秒后查找下一星系--------

-----正在寻找星系T21-------------
---------安全--------------
----等待1秒后查找下一星系--------

-----正在寻找星系T22-------------
---------安全--------------
----等待2秒后查找下一星系--------

-----正在寻找星系T23-------------
---------安全--------------
----等待1秒后查找下一星系--------

-----正在寻找星系T24-------------
----等待2秒后查找下一星系--------

-----正在寻找星系T25-------------
---------安全--------------
----等待2秒后查找下一星系--------

-----正在寻找星系T26-------------
---------安全--------------
----等待2秒后查找下一星系--------

-----正在寻找星系T27-------------
---------安全--------------
----等待1秒后查找下一星系--------

-----正在寻找星系T28-------------
---------安全--------------
----等待1秒后查找下一星系--------

-----正在寻找星系T29-------------
---------安全--------------
扫描完成
------------关闭连接:完成--------
下次搜索将在5分钟后进行,尝试次数设为5
清理上次记录文件
开始扫描,请等待
----------连接服务器,请稍后---------
-----正在寻找星系T20-------------
----等待2秒后查找下一星系--------

-----正在寻找星系T21-------------
---------安全--------------
----等待2秒后查找下一星系--------

-----正在寻找星系T22-------------
---------安全--------------
----等待1秒后查找下一星系--------

-----正在寻找星系T23-------------
---------安全--------------
----等待1秒后查找下一星系--------

-----正在寻找星系T24-------------
----等待2秒后查找下一星系--------

-----正在寻找星系T25-------------
---------安全--------------
----等待2秒后查找下一星系--------

-----正在寻找星系T26-------------
---------安全--------------
----等待1秒后查找下一星系--------

-----正在寻找星系T27-------------
---------安全--------------
----等待2秒后查找下一星系--------

-----正在寻找星系T28-------------
---------安全--------------
----等待2秒后查找下一星系--------

-----正在寻找星系T29-------------
---------安全--------------
扫描完成
------------关闭连接:完成--------
下次搜索将在5分钟后进行,尝试次数设为5
清理上次记录文件
开始扫描,请等待
----------连接服务器,请稍后---------
-----正在寻找星系T20-------------
----等待1秒后查找下一星系--------

-----正在寻找星系T21-------------
---------安全--------------
----等待1秒后查找下一星系--------

-----正在寻找星系T22-------------
---------安全--------------
----等待1秒后查找下一星系--------

-----正在寻找星系T23-------------
---------安全--------------
----等待2秒后查找下一星系--------

-----正在寻找星系T24-------------
----等待2秒后查找下一星系--------

-----正在寻找星系T25-------------
---------安全--------------
----等待2秒后查找下一星系--------

-----正在寻找星系T26-------------
---------安全--------------
----等待1秒后查找下一星系--------

-----正在寻找星系T27-------------
---------安全--------------
----等待1秒后查找下一星系--------

-----正在寻找星系T28-------------
---------安全--------------
----等待1秒后查找下一星系--------

-----正在寻找星系T29-------------
---------安全--------------
扫描完成
------------关闭连接:完成--------
下次搜索将在5分钟后进行,尝试次数设为5
清理上次记录文件
开始扫描,请等待
----------连接服务器,请稍后---------
-----正在寻找星系T20-------------
---------安全--------------
----等待2秒后查找下一星系--------

-----正在寻找星系T21-------------
---------安全--------------
----等待2秒后查找下一星系--------

-----正在寻找星系T22-------------
---------安全--------------
----等待2秒后查找下一星系--------

-----正在寻找星系T23-------------
---------安全--------------
----等待1秒后查找下一星系--------

-----正在寻找星系T24-------------
----等待2秒后查找下一星系--------

-----正在寻找星系T25-------------
---------安全--------------
----等待1秒后查找下一星系--------

-----正在寻找星系T26-------------
---------安全--------------
----等待1秒后查找下一星系--------

-----正在寻找星系T27-------------
---------安全--------------
----等待2秒后查找下一星系--------

-----正在寻找星系T28-------------
---------安全--------------
----等待2秒后查找下一星系--------

-----正在寻找星系T29-------------
---------安全--------------
扫描完成
------------关闭连接:完成--------
下次搜索将在5分钟后进行,尝试次数设为5
清理上次记录文件
开始扫描,请等待
----------连接服务器,请稍后---------
-----正在寻找星系T20-------------
---------安全--------------
----等待1秒后查找下一星系--------

-----正在寻找星系T21-------------
---------安全--------------
----等待1秒后查找下一星系--------

-----正在寻找星系T22-------------
---------安全--------------
----等待2秒后查找下一星系--------

-----正在寻找星系T23-------------
---------安全--------------
----等待2秒后查找下一星系--------

-----正在寻找星系T24-------------
----等待2秒后查找下一星系--------

-----正在寻找星系T25-------------
---------安全--------------
----等待2秒后查找下一星系--------

-----正在寻找星系T26-------------
---------安全--------------
----等待2秒后查找下一星系--------

-----正在寻找星系T27-------------
---------安全--------------
----等待2秒后查找下一星系--------

-----正在寻找星系T28-------------
---------安全--------------
----等待1秒后查找下一星系--------

-----正在寻找星系T29-------------
---------安全--------------
扫描完成
------------关闭连接:完成--------
下次搜索将在5分钟后进行,尝试次数设为5
清理上次记录文件
开始扫描,请等待
----------连接服务器,请稍后---------
-----正在寻找星系T20-------------
---------安全--------------
----等待1秒后查找下一星系--------

-----正在寻找星系T21-------------
---------安全--------------
----等待2秒后查找下一星系--------

-----正在寻找星系T22-------------
---------安全--------------
----等待1秒后查找下一星系--------

-----正在寻找星系T23-------------
---------安全--------------
----等待1秒后查找下一星系--------

-----正在寻找星系T24-------------